Problema #1
Sim, é satisfatível.

Problema #2
Não está na FNC.

Problema #3
Não, não é satisfatível.

Problema #4
Não está na FNC.

Problema #5
Não está na FNC.

Problema #6
Não está na FNC.

Problema #7
Não, não é satisfatível.

Problema #8
Não está na FNC.

Problema #9
Não está na FNC.

Problema #10
Sim, é satisfatível.

Problema #11
Não, não é satisfatível.

Problema #12
Sim, é satisfatível.

Problema #13
Nem todas as cláusulas são de Horn.

Problema #14
Sim, é satisfatível.

Problema #15
Não, não é satisfatível.

Problema #16
Sim, é satisfatível.

Problema #17
Sim, é satisfatível.

Problema #18
Não está na FNC.

Problema #19
Não está na FNC.

Problema #20
Não está na FNC.

Problema #21
Não está na FNC.

Problema #22
Sim, é satisfatível.

Problema #23
Sim, é satisfatível.

Problema #24
Sim, é satisfatível.

Problema #25
Não, não é satisfatível.

Problema #26
Não está na FNC.

Problema #27
Não está na FNC.

Problema #28
Não está na FNC.

Problema #29
Nem todas as cláusulas são de Horn.

Problema #30
Sim, é satisfatível.

Problema #31
Não está na FNC.

Problema #32
Nem todas as cláusulas são de Horn.

Problema #33
Não está na FNC.

Problema #34
Sim, é satisfatível.

Problema #35
Sim, é satisfatível.

Problema #36
Sim, é satisfatível.

Problema #37
Nem todas as cláusulas são de Horn.

Problema #38
Não está na FNC.

Problema #39
Nem todas as cláusulas são de Horn.

Problema #40
Não está na FNC.

Problema #41
Nem todas as cláusulas são de Horn.

Problema #42
Não está na FNC.

Problema #43
Sim, é satisfatível.

Problema #44
Não está na FNC.

Problema #45
Não está na FNC.

Problema #46
Não está na FNC.

Problema #47
Sim, é satisfatível.

Problema #48
Não está na FNC.

Problema #49
Não está na FNC.

Problema #50
Nem todas as cláusulas são de Horn.

Problema #51
Não está na FNC.

Problema #52
Sim, é satisfatível.

Problema #53
Não está na FNC.

Problema #54
Sim, é satisfatível.

Problema #55
Nem todas as cláusulas são de Horn.

Problema #56
Sim, é satisfatível.

Problema #57
Sim, é satisfatível.

Problema #58
Sim, é satisfatível.

Problema #59
Não está na FNC.

Problema #60
Nem todas as cláusulas são de Horn.

Problema #61
Nem todas as cláusulas são de Horn.

Problema #62
Nem todas as cláusulas são de Horn.

Problema #63
Não está na FNC.

Problema #64
Não, não é satisfatível.

Problema #65
Não está na FNC.

Problema #66
Não, não é satisfatível.

Problema #67
Não está na FNC.

Problema #68
Não, não é satisfatível.

Problema #69
Nem todas as cláusulas são de Horn.

Problema #70
Sim, é satisfatível.

Problema #71
Nem todas as cláusulas são de Horn.

Problema #72
Sim, é satisfatível.

Problema #73
Não está na FNC.

Problema #74
Não está na FNC.

Problema #75
Não está na FNC.

Problema #76
Não está na FNC.

Problema #77
Não, não é satisfatível.

Problema #78
Não, não é satisfatível.

Problema #79
Sim, é satisfatível.

Problema #80
Não está na FNC.

Problema #81
Sim, é satisfatível.

Problema #82
Não, não é satisfatível.

Problema #83
Não está na FNC.

Problema #84
Sim, é satisfatível.

Problema #85
Não está na FNC.

Problema #86
Não está na FNC.

Problema #87
Não está na FNC.

Problema #88
Não, não é satisfatível.

Problema #89
Não está na FNC.

Problema #90
Não está na FNC.

Problema #91
Sim, é satisfatível.

Problema #92
Não está na FNC.

Problema #93
Sim, é satisfatível.

Problema #94
Sim, é satisfatível.

Problema #95
Não está na FNC.

Problema #96
Não está na FNC.

Problema #97
Nem todas as cláusulas são de Horn.

Problema #98
Não está na FNC.

Problema #99
Não está na FNC.

Problema #100
Nem todas as cláusulas são de Horn.

Problema #101
Sim, é satisfatível.

Problema #102
Sim, é satisfatível.

Problema #103
Não está na FNC.

Problema #104
Não, não é satisfatível.

Problema #105
Não está na FNC.

Problema #106
Sim, é satisfatível.

Problema #107
Nem todas as cláusulas são de Horn.

Problema #108
Não está na FNC.

Problema #109
Não está na FNC.

Problema #110
Nem todas as cláusulas são de Horn.

Problema #111
Sim, é satisfatível.

Problema #112
Sim, é satisfatível.

Problema #113
Não, não é satisfatível.

Problema #114
Não está na FNC.

Problema #115
Sim, é satisfatível.

Problema #116
Não está na FNC.

Problema #117
Sim, é satisfatível.

Problema #118
Não está na FNC.

Problema #119
Não está na FNC.

Problema #120
Sim, é satisfatível.

Problema #121
Não está na FNC.

Problema #122
Sim, é satisfatível.

Problema #123
Sim, é satisfatível.

Problema #124
Sim, é satisfatível.

Problema #125
Não está na FNC.

Problema #126
Não está na FNC.

Problema #127
Nem todas as cláusulas são de Horn.

Problema #128
Não está na FNC.

Problema #129
Nem todas as cláusulas são de Horn.

Problema #130
Não está na FNC.

Problema #131
Não está na FNC.

Problema #132
Não está na FNC.

Problema #133
Nem todas as cláusulas são de Horn.

Problema #134
Não está na FNC.

Problema #135
Não, não é satisfatível.

Problema #136
Sim, é satisfatível.

Problema #137
Sim, é satisfatível.

Problema #138
Não está na FNC.

Problema #139
Sim, é satisfatível.

Problema #140
Não, não é satisfatível.

Problema #141
Nem todas as cláusulas são de Horn.

Problema #142
Não está na FNC.

Problema #143
Sim, é satisfatível.

Problema #144
Não está na FNC.

Problema #145
Não está na FNC.

Problema #146
Não está na FNC.

Problema #147
Não está na FNC.

Problema #148
Sim, é satisfatível.

Problema #149
Sim, é satisfatível.

Problema #150
Sim, é satisfatível.

Problema #151
Não está na FNC.

Problema #152
Sim, é satisfatível.

Problema #153
Sim, é satisfatível.

Problema #154
Não está na FNC.

Problema #155
Não está na FNC.

Problema #156
Não está na FNC.

Problema #157
Não, não é satisfatível.

Problema #158
Sim, é satisfatível.

Problema #159
Não, não é satisfatível.

Problema #160
Não está na FNC.

Problema #161
Nem todas as cláusulas são de Horn.

Problema #162
Sim, é satisfatível.

Problema #163
Não está na FNC.

Problema #164
Não está na FNC.

Problema #165
Não, não é satisfatível.

Problema #166
Não está na FNC.

Problema #167
Não está na FNC.

Problema #168
Não, não é satisfatível.

Problema #169
Sim, é satisfatível.

Problema #170
Não está na FNC.

Problema #171
Sim, é satisfatível.

Problema #172
Sim, é satisfatível.

Problema #173
Não está na FNC.

Problema #174
Não está na FNC.

Problema #175
Não está na FNC.

Problema #176
Não, não é satisfatível.

Problema #177
Sim, é satisfatível.

Problema #178
Não, não é satisfatível.

Problema #179
Nem todas as cláusulas são de Horn.

Problema #180
Não está na FNC.

Problema #181
Sim, é satisfatível.

Problema #182
Não está na FNC.

Problema #183
Não está na FNC.

Problema #184
Não está na FNC.

Problema #185
Sim, é satisfatível.

Problema #186
Sim, é satisfatível.

Problema #187
Sim, é satisfatível.

Problema #188
Sim, é satisfatível.

Problema #189
Não está na FNC.

Problema #190
Nem todas as cláusulas são de Horn.

Problema #191
Não está na FNC.

Problema #192
Não está na FNC.

Problema #193
Nem todas as cláusulas são de Horn.

Problema #194
Não, não é satisfatível.

Problema #195
Não está na FNC.

Problema #196
Não está na FNC.

Problema #197
Sim, é satisfatível.

Problema #198
Não está na FNC.

Problema #199
Sim, é satisfatível.

Problema #200
Nem todas as cláusulas são de Horn.

Problema #201
Sim, é satisfatível.

Problema #202
Não está na FNC.

Problema #203
Não está na FNC.

Problema #204
Sim, é satisfatível.

Problema #205
Não está na FNC.

Problema #206
Não, não é satisfatível.

Problema #207
Nem todas as cláusulas são de Horn.

Problema #208
Não está na FNC.

Problema #209
Não está na FNC.

Problema #210
Sim, é satisfatível.

Problema #211
Sim, é satisfatível.

Problema #212
Não está na FNC.

Problema #213
Não, não é satisfatível.

Problema #214
Sim, é satisfatível.

Problema #215
Nem todas as cláusulas são de Horn.

Problema #216
Não está na FNC.

Problema #217
Não está na FNC.

Problema #218
Sim, é satisfatível.

Problema #219
Não, não é satisfatível.

Problema #220
Sim, é satisfatível.

Problema #221
Não está na FNC.

Problema #222
Sim, é satisfatível.

Problema #223
Nem todas as cláusulas são de Horn.

Problema #224
Sim, é satisfatível.

Problema #225
Não, não é satisfatível.

Problema #226
Não está na FNC.

Problema #227
Não está na FNC.

Problema #228
Sim, é satisfatível.

Problema #229
Sim, é satisfatível.

Problema #230
Nem todas as cláusulas são de Horn.

Problema #231
Sim, é satisfatível.

Problema #232
Não está na FNC.

Problema #233
Sim, é satisfatível.

Problema #234
Sim, é satisfatível.

Problema #235
Não está na FNC.

Problema #236
Não está na FNC.

Problema #237
Não está na FNC.

Problema #238
Não está na FNC.

Problema #239
Não está na FNC.

Problema #240
Não, não é satisfatível.

Problema #241
Não está na FNC.

Problema #242
Não está na FNC.

Problema #243
Sim, é satisfatível.

Problema #244
Não está na FNC.

Problema #245
Não está na FNC.

Problema #246
Nem todas as cláusulas são de Horn.

Problema #247
Sim, é satisfatível.

Problema #248
Nem todas as cláusulas são de Horn.

Problema #249
Não, não é satisfatível.

Problema #250
Sim, é satisfatível.

Problema #251
Sim, é satisfatível.

Problema #252
Não está na FNC.

Problema #253
Não está na FNC.

Problema #254
Não está na FNC.

Problema #255
Sim, é satisfatível.

Problema #256
Não está na FNC.

Problema #257
Não está na FNC.

Problema #258
Não, não é satisfatível.

Problema #259
Nem todas as cláusulas são de Horn.

Problema #260
Não, não é satisfatível.

Problema #261
Sim, é satisfatível.

Problema #262
Não está na FNC.

Problema #263
Não, não é satisfatível.

Problema #264
Não está na FNC.

Problema #265
Nem todas as cláusulas são de Horn.

Problema #266
Não está na FNC.

Problema #267
Não está na FNC.

Problema #268
Nem todas as cláusulas são de Horn.

Problema #269
Não está na FNC.

Problema #270
Nem todas as cláusulas são de Horn.

Problema #271
Sim, é satisfatível.

Problema #272
Não está na FNC.

Problema #273
Não está na FNC.

Problema #274
Sim, é satisfatível.

Problema #275
Não está na FNC.

Problema #276
Não está na FNC.

Problema #277
Sim, é satisfatível.

Problema #278
Sim, é satisfatível.

Problema #279
Nem todas as cláusulas são de Horn.

Problema #280
Não, não é satisfatível.

Problema #281
Não está na FNC.

Problema #282
Não está na FNC.

Problema #283
Não está na FNC.

Problema #284
Nem todas as cláusulas são de Horn.

Problema #285
Sim, é satisfatível.

Problema #286
Não está na FNC.

Problema #287
Sim, é satisfatível.

Problema #288
Sim, é satisfatível.

Problema #289
Não está na FNC.

Problema #290
Não está na FNC.

Problema #291
Não, não é satisfatível.

Problema #292
Não, não é satisfatível.

Problema #293
Não, não é satisfatível.

Problema #294
Não está na FNC.

Problema #295
Não está na FNC.

Problema #296
Sim, é satisfatível.

Problema #297
Sim, é satisfatível.

Problema #298
Sim, é satisfatível.

Problema #299
Não está na FNC.

Problema #300
Nem todas as cláusulas são de Horn.

Problema #301
Nem todas as cláusulas são de Horn.

Problema #302
Não está na FNC.

Problema #303
Sim, é satisfatível.

Problema #304
Não está na FNC.

Problema #305
Não está na FNC.

Problema #306
Sim, é satisfatível.

Problema #307
Sim, é satisfatível.

Problema #308
Não está na FNC.

Problema #309
Nem todas as cláusulas são de Horn.

Problema #310
Sim, é satisfatível.

Problema #311
Sim, é satisfatível.

Problema #312
Sim, é satisfatível.

Problema #313
Não está na FNC.

Problema #314
Não está na FNC.

Problema #315
Não está na FNC.

Problema #316
Sim, é satisfatível.

Problema #317
Não está na FNC.

Problema #318
Sim, é satisfatível.

Problema #319
Não está na FNC.

Problema #320
Nem todas as cláusulas são de Horn.

Problema #321
Não, não é satisfatível.

Problema #322
Sim, é satisfatível.

Problema #323
Sim, é satisfatível.

Problema #324
Nem todas as cláusulas são de Horn.

Problema #325
Não está na FNC.

Problema #326
Sim, é satisfatível.

Problema #327
Sim, é satisfatível.

Problema #328
Não está na FNC.

Problema #329
Sim, é satisfatível.

Problema #330
Sim, é satisfatível.

Problema #331
Sim, é satisfatível.

Problema #332
Não está na FNC.

Problema #333
Não está na FNC.

Problema #334
Não está na FNC.

Problema #335
Sim, é satisfatível.

Problema #336
Não está na FNC.

Problema #337
Sim, é satisfatível.

Problema #338
Nem todas as cláusulas são de Horn.

Problema #339
Não está na FNC.

Problema #340
Não, não é satisfatível.

Problema #341
Nem todas as cláusulas são de Horn.

Problema #342
Não está na FNC.

Problema #343
Nem todas as cláusulas são de Horn.

Problema #344
Sim, é satisfatível.

Problema #345
Sim, é satisfatível.

Problema #346
Não está na FNC.

Problema #347
Não está na FNC.

Problema #348
Não, não é satisfatível.

Problema #349
Sim, é satisfatível.

Problema #350
Não, não é satisfatível.

Problema #351
Não está na FNC.

Problema #352
Não está na FNC.

Problema #353
Não está na FNC.

Problema #354
Não está na FNC.

Problema #355
Não está na FNC.

Problema #356
Nem todas as cláusulas são de Horn.

Problema #357
Sim, é satisfatível.

Problema #358
Sim, é satisfatível.

Problema #359
Não está na FNC.

Problema #360
Sim, é satisfatível.

Problema #361
Não, não é satisfatível.

Problema #362
Sim, é satisfatível.

Problema #363
Não, não é satisfatível.

Problema #364
Sim, é satisfatível.

Problema #365
Sim, é satisfatível.

Problema #366
Sim, é satisfatível.

Problema #367
Não está na FNC.

Problema #368
Não está na FNC.

Problema #369
Não está na FNC.

Problema #370
Não está na FNC.

Problema #371
Sim, é satisfatível.

Problema #372
Não está na FNC.

Problema #373
Não está na FNC.

Problema #374
Sim, é satisfatível.

Problema #375
Não está na FNC.

Problema #376
Sim, é satisfatível.

Problema #377
Nem todas as cláusulas são de Horn.

Problema #378
Não está na FNC.

Problema #379
Não está na FNC.

Problema #380
Não está na FNC.

Problema #381
Não está na FNC.

Problema #382
Nem todas as cláusulas são de Horn.

Problema #383
Não está na FNC.

Problema #384
Não está na FNC.

Problema #385
Não está na FNC.

Problema #386
Não está na FNC.

Problema #387
Não está na FNC.

Problema #388
Sim, é satisfatível.

Problema #389
Nem todas as cláusulas são de Horn.

Problema #390
Não está na FNC.

Problema #391
Sim, é satisfatível.

Problema #392
Sim, é satisfatível.

Problema #393
Não está na FNC.

Problema #394
Sim, é satisfatível.

Problema #395
Sim, é satisfatível.

Problema #396
Não está na FNC.

Problema #397
Não está na FNC.

Problema #398
Não está na FNC.

Problema #399
Sim, é satisfatível.

Problema #400
Não está na FNC.

Problema #401
Não está na FNC.

Problema #402
Sim, é satisfatível.

Problema #403
Não, não é satisfatível.

Problema #404
Sim, é satisfatível.

Problema #405
Não está na FNC.

Problema #406
Não está na FNC.

Problema #407
Nem todas as cláusulas são de Horn.

Problema #408
Não está na FNC.

Problema #409
Não está na FNC.

Problema #410
Sim, é satisfatível.

Problema #411
Não, não é satisfatível.

Problema #412
Sim, é satisfatível.

Problema #413
Não está na FNC.

Problema #414
Sim, é satisfatível.

Problema #415
Sim, é satisfatível.

Problema #416
Não está na FNC.

Problema #417
Sim, é satisfatível.

Problema #418
Não está na FNC.

Problema #419
Sim, é satisfatível.

Problema #420
Não está na FNC.

Problema #421
Não está na FNC.

Problema #422
Não está na FNC.

Problema #423
Não está na FNC.

Problema #424
Não, não é satisfatível.

Problema #425
Não está na FNC.

Problema #426
Não está na FNC.

Problema #427
Não, não é satisfatível.

Problema #428
Não está na FNC.

Problema #429
Sim, é satisfatível.

Problema #430
Sim, é satisfatível.

Problema #431
Sim, é satisfatível.

Problema #432
Sim, é satisfatível.

Problema #433
Sim, é satisfatível.

Problema #434
Não está na FNC.

Problema #435
Não está na FNC.

Problema #436
Não está na FNC.

Problema #437
Não está na FNC.

Problema #438
Sim, é satisfatível.

Problema #439
Nem todas as cláusulas são de Horn.

Problema #440
Sim, é satisfatível.

Problema #441
Não está na FNC.

Problema #442
Sim, é satisfatível.

Problema #443
Sim, é satisfatível.

Problema #444
Não está na FNC.

Problema #445
Não, não é satisfatível.

Problema #446
Sim, é satisfatível.

Problema #447
Não, não é satisfatível.

Problema #448
Sim, é satisfatível.

Problema #449
Nem todas as cláusulas são de Horn.

Problema #450
Não está na FNC.

Problema #451
Não está na FNC.

Problema #452
Não está na FNC.

Problema #453
Não está na FNC.

Problema #454
Sim, é satisfatível.

Problema #455
Nem todas as cláusulas são de Horn.

Problema #456
Nem todas as cláusulas são de Horn.

Problema #457
Não está na FNC.

Problema #458
Não está na FNC.

Problema #459
Não, não é satisfatível.

Problema #460
Não está na FNC.

Problema #461
Sim, é satisfatível.

Problema #462
Não está na FNC.

Problema #463
Não, não é satisfatível.

Problema #464
Não, não é satisfatível.

Problema #465
Não está na FNC.

Problema #466
Não está na FNC.

Problema #467
Não está na FNC.

Problema #468
Não está na FNC.

Problema #469
Sim, é satisfatível.

Problema #470
Nem todas as cláusulas são de Horn.

Problema #471
Sim, é satisfatível.

Problema #472
Nem todas as cláusulas são de Horn.

Problema #473
Não está na FNC.

Problema #474
Não está na FNC.

Problema #475
Não, não é satisfatível.

Problema #476
Não está na FNC.

Problema #477
Não está na FNC.

Problema #478
Nem todas as cláusulas são de Horn.

Problema #479
Nem todas as cláusulas são de Horn.

Problema #480
Sim, é satisfatível.

Problema #481
Sim, é satisfatível.

Problema #482
Não está na FNC.

Problema #483
Sim, é satisfatível.

Problema #484
Sim, é satisfatível.

Problema #485
Sim, é satisfatível.

Problema #486
Não está na FNC.

Problema #487
Não está na FNC.

Problema #488
Não está na FNC.

Problema #489
Não, não é satisfatível.

Problema #490
Não está na FNC.

Problema #491
Sim, é satisfatível.

Problema #492
Não está na FNC.

Problema #493
Não está na FNC.

Problema #494
Não, não é satisfatível.

Problema #495
Nem todas as cláusulas são de Horn.

Problema #496
Não está na FNC.

Problema #497
Sim, é satisfatível.

Problema #498
Não, não é satisfatível.

Problema #499
Sim, é satisfatível.

Problema #500
Não, não é satisfatível.

Problema #501
Não está na FNC.

Problema #502
Nem todas as cláusulas são de Horn.

Problema #503
Sim, é satisfatível.

Problema #504
Sim, é satisfatível.

Problema #505
Não está na FNC.

Problema #506
Não, não é satisfatível.

Problema #507
Nem todas as cláusulas são de Horn.

Problema #508
Não está na FNC.

Problema #509
Sim, é satisfatível.

Problema #510
Não está na FNC.

Problema #511
Nem todas as cláusulas são de Horn.

Problema #512
Nem todas as cláusulas são de Horn.

Problema #513
Não está na FNC.

Problema #514
Não, não é satisfatível.

Problema #515
Não, não é satisfatível.

Problema #516
Sim, é satisfatível.

Problema #517
Não está na FNC.

Problema #518
Não está na FNC.

Problema #519
Nem todas as cláusulas são de Horn.

Problema #520
Sim, é satisfatível.

Problema #521
Sim, é satisfatível.

Problema #522
Não está na FNC.

Problema #523
Não, não é satisfatível.

Problema #524
Não está na FNC.

Problema #525
Não, não é satisfatível.

Problema #526
Não está na FNC.

Problema #527
Nem todas as cláusulas são de Horn.

Problema #528
Não, não é satisfatível.

Problema #529
Não está na FNC.

Problema #530
Não está na FNC.

Problema #531
Não está na FNC.

Problema #532
Não está na FNC.

Problema #533
Sim, é satisfatível.

Problema #534
Nem todas as cláusulas são de Horn.

Problema #535
Não, não é satisfatível.

Problema #536
Não está na FNC.

Problema #537
Sim, é satisfatível.

Problema #538
Nem todas as cláusulas são de Horn.

Problema #539
Nem todas as cláusulas são de Horn.

Problema #540
Sim, é satisfatível.

Problema #541
Não está na FNC.

Problema #542
Não está na FNC.

Problema #543
Não está na FNC.

Problema #544
Não está na FNC.

Problema #545
Não está na FNC.

Problema #546
Sim, é satisfatível.

Problema #547
Nem todas as cláusulas são de Horn.

Problema #548
Não, não é satisfatível.

Problema #549
Sim, é satisfatível.

Problema #550
Sim, é satisfatível.

Problema #551
Não está na FNC.

Problema #552
Não está na FNC.

Problema #553
Sim, é satisfatível.

Problema #554
Sim, é satisfatível.

Problema #555
Não está na FNC.

Problema #556
Sim, é satisfatível.

Problema #557
Não está na FNC.

Problema #558
Sim, é satisfatível.

Problema #559
Não está na FNC.

Problema #560
Não está na FNC.

Problema #561
Não, não é satisfatível.

Problema #562
Não está na FNC.

Problema #563
Sim, é satisfatível.

Problema #564
Não está na FNC.

Problema #565
Sim, é satisfatível.

Problema #566
Nem todas as cláusulas são de Horn.

Problema #567
Sim, é satisfatível.

Problema #568
Nem todas as cláusulas são de Horn.

Problema #569
Sim, é satisfatível.

Problema #570
Sim, é satisfatível.

Problema #571
Não está na FNC.

Problema #572
Não está na FNC.

Problema #573
Não está na FNC.

Problema #574
Sim, é satisfatível.

Problema #575
Não está na FNC.

Problema #576
Não está na FNC.

Problema #577
Sim, é satisfatível.

Problema #578
Não está na FNC.

Problema #579
Sim, é satisfatível.

Problema #580
Não está na FNC.

Problema #581
Sim, é satisfatível.

Problema #582
Sim, é satisfatível.

Problema #583
Nem todas as cláusulas são de Horn.

Problema #584
Nem todas as cláusulas são de Horn.

Problema #585
Não está na FNC.

Problema #586
Sim, é satisfatível.

Problema #587
Não está na FNC.

Problema #588
Sim, é satisfatível.

Problema #589
Não está na FNC.

Problema #590
Não está na FNC.

Problema #591
Não está na FNC.

Problema #592
Sim, é satisfatível.

Problema #593
Não está na FNC.

Problema #594
Não está na FNC.

Problema #595
Não está na FNC.

Problema #596
Sim, é satisfatível.

Problema #597
Não está na FNC.

Problema #598
Sim, é satisfatível.

Problema #599
Não está na FNC.

Problema #600
Não, não é satisfatível.

Problema #601
Sim, é satisfatível.

Problema #602
Sim, é satisfatível.

Problema #603
Sim, é satisfatível.

Problema #604
Nem todas as cláusulas são de Horn.

Problema #605
Sim, é satisfatível.

Problema #606
Não está na FNC.

Problema #607
Não está na FNC.

Problema #608
Nem todas as cláusulas são de Horn.

Problema #609
Não está na FNC.

Problema #610
Não está na FNC.

Problema #611
Não está na FNC.

Problema #612
Sim, é satisfatível.

Problema #613
Não está na FNC.

Problema #614
Não está na FNC.

Problema #615
Não está na FNC.

Problema #616
Não, não é satisfatível.

Problema #617
Nem todas as cláusulas são de Horn.

Problema #618
Não está na FNC.

Problema #619
Não está na FNC.

Problema #620
Sim, é satisfatível.

Problema #621
Sim, é satisfatível.

Problema #622
Não está na FNC.

Problema #623
Nem todas as cláusulas são de Horn.

Problema #624
Sim, é satisfatível.

Problema #625
Nem todas as cláusulas são de Horn.

Problema #626
Sim, é satisfatível.

Problema #627
Não está na FNC.

Problema #628
Não, não é satisfatível.

Problema #629
Nem todas as cláusulas são de Horn.

Problema #630
Nem todas as cláusulas são de Horn.

Problema #631
Sim, é satisfatível.

Problema #632
Sim, é satisfatível.

Problema #633
Não está na FNC.

Problema #634
Não está na FNC.

Problema #635
Sim, é satisfatível.

Problema #636
Nem todas as cláusulas são de Horn.

Problema #637
Sim, é satisfatível.

Problema #638
Não está na FNC.

Problema #639
Sim, é satisfatível.

Problema #640
Não está na FNC.

Problema #641
Sim, é satisfatível.

Problema #642
Não está na FNC.

Problema #643
Não está na FNC.

Problema #644
Não, não é satisfatível.

Problema #645
Não está na FNC.

Problema #646
Não, não é satisfatível.

Problema #647
Não está na FNC.

Problema #648
Não está na FNC.

Problema #649
Sim, é satisfatível.

Problema #650
Não está na FNC.

Problema #651
Não está na FNC.

Problema #652
Não está na FNC.

Problema #653
Não está na FNC.

Problema #654
Não está na FNC.

Problema #655
Sim, é satisfatível.

Problema #656
Sim, é satisfatível.

Problema #657
Não está na FNC.

Problema #658
Sim, é satisfatível.

Problema #659
Não está na FNC.

Problema #660
Sim, é satisfatível.

Problema #661
Sim, é satisfatível.

Problema #662
Não está na FNC.

Problema #663
Não está na FNC.

Problema #664
Não está na FNC.

Problema #665
Nem todas as cláusulas são de Horn.

Problema #666
Não está na FNC.

Problema #667
Não está na FNC.

Problema #668
Não está na FNC.

Problema #669
Não, não é satisfatível.

Problema #670
Nem todas as cláusulas são de Horn.

Problema #671
Nem todas as cláusulas são de Horn.

Problema #672
Sim, é satisfatível.

Problema #673
Sim, é satisfatível.

Problema #674
Não, não é satisfatível.

Problema #675
Não está na FNC.

Problema #676
Não está na FNC.

Problema #677
Não está na FNC.

Problema #678
Não está na FNC.

Problema #679
Não, não é satisfatível.

Problema #680
Sim, é satisfatível.

Problema #681
Não está na FNC.

Problema #682
Não, não é satisfatível.

Problema #683
Sim, é satisfatível.

Problema #684
Sim, é satisfatível.

Problema #685
Não está na FNC.

Problema #686
Não está na FNC.

Problema #687
Nem todas as cláusulas são de Horn.

Problema #688
Não, não é satisfatível.

Problema #689
Sim, é satisfatível.

Problema #690
Não está na FNC.

Problema #691
Não, não é satisfatível.

Problema #692
Não, não é satisfatível.

Problema #693
Sim, é satisfatível.

Problema #694
Sim, é satisfatível.

Problema #695
Nem todas as cláusulas são de Horn.

Problema #696
Sim, é satisfatível.

Problema #697
Sim, é satisfatível.

Problema #698
Sim, é satisfatível.

Problema #699
Não está na FNC.

Problema #700
Sim, é satisfatível.

Problema #701
Nem todas as cláusulas são de Horn.

Problema #702
Não está na FNC.

Problema #703
Não, não é satisfatível.

Problema #704
Não, não é satisfatível.

Problema #705
Sim, é satisfatível.

Problema #706
Não, não é satisfatível.

Problema #707
Não está na FNC.

Problema #708
Não, não é satisfatível.

Problema #709
Sim, é satisfatível.

Problema #710
Sim, é satisfatível.

Problema #711
Não, não é satisfatível.

Problema #712
Não está na FNC.

Problema #713
Não está na FNC.

Problema #714
Não está na FNC.

Problema #715
Não está na FNC.

Problema #716
Não está na FNC.

Problema #717
Sim, é satisfatível.

Problema #718
Não, não é satisfatível.

Problema #719
Não está na FNC.

Problema #720
Nem todas as cláusulas são de Horn.

Problema #721
Não está na FNC.

Problema #722
Nem todas as cláusulas são de Horn.

Problema #723
Não está na FNC.

Problema #724
Não está na FNC.

Problema #725
Não, não é satisfatível.

Problema #726
Sim, é satisfatível.

Problema #727
Sim, é satisfatível.

Problema #728
Nem todas as cláusulas são de Horn.

Problema #729
Sim, é satisfatível.

Problema #730
Não está na FNC.

Problema #731
Sim, é satisfatível.

Problema #732
Não está na FNC.

Problema #733
Não, não é satisfatível.

Problema #734
Não está na FNC.

Problema #735
Não está na FNC.

Problema #736
Não está na FNC.

Problema #737
Sim, é satisfatível.

Problema #738
Não está na FNC.

Problema #739
Não está na FNC.

Problema #740
Não está na FNC.

Problema #741
Não está na FNC.

Problema #742
Sim, é satisfatível.

Problema #743
Não está na FNC.

Problema #744
Não está na FNC.

Problema #745
Nem todas as cláusulas são de Horn.

Problema #746
Não está na FNC.

Problema #747
Não está na FNC.

Problema #748
Sim, é satisfatível.

Problema #749
Não está na FNC.

Problema #750
Sim, é satisfatível.

Problema #751
Nem todas as cláusulas são de Horn.

Problema #752
Sim, é satisfatível.

Problema #753
Nem todas as cláusulas são de Horn.

Problema #754
Não, não é satisfatível.

Problema #755
Não, não é satisfatível.

Problema #756
Não está na FNC.

Problema #757
Não está na FNC.

Problema #758
Sim, é satisfatível.

Problema #759
Sim, é satisfatível.

Problema #760
Não, não é satisfatível.

Problema #761
Sim, é satisfatível.

Problema #762
Nem todas as cláusulas são de Horn.

Problema #763
Sim, é satisfatível.

Problema #764
Não está na FNC.

Problema #765
Nem todas as cláusulas são de Horn.

Problema #766
Sim, é satisfatível.

Problema #767
Sim, é satisfatível.

Problema #768
Nem todas as cláusulas são de Horn.

Problema #769
Sim, é satisfatível.

Problema #770
Sim, é satisfatível.

Problema #771
Sim, é satisfatível.

Problema #772
Não, não é satisfatível.

Problema #773
Não, não é satisfatível.

Problema #774
Sim, é satisfatível.

Problema #775
Sim, é satisfatível.

Problema #776
Não está na FNC.

Problema #777
Não está na FNC.

Problema #778
Sim, é satisfatível.

Problema #779
Não está na FNC.

Problema #780
Não está na FNC.

Problema #781
Sim, é satisfatível.

Problema #782
Não está na FNC.

Problema #783
Não está na FNC.

Problema #784
Não está na FNC.

Problema #785
Sim, é satisfatível.

Problema #786
Nem todas as cláusulas são de Horn.

Problema #787
Não está na FNC.

Problema #788
Nem todas as cláusulas são de Horn.

Problema #789
Nem todas as cláusulas são de Horn.

Problema #790
Não está na FNC.

Problema #791
Não, não é satisfatível.

Problema #792
Sim, é satisfatível.

Problema #793
Não está na FNC.

Problema #794
Não está na FNC.

Problema #795
Nem todas as cláusulas são de Horn.

Problema #796
Não está na FNC.

Problema #797
Não está na FNC.

Problema #798
Não está na FNC.

Problema #799
Nem todas as cláusulas são de Horn.

Problema #800
Sim, é satisfatível.

Problema #801
Não está na FNC.

Problema #802
Sim, é satisfatível.

Problema #803
Não, não é satisfatível.

Problema #804
Não está na FNC.

Problema #805
Sim, é satisfatível.

Problema #806
Não está na FNC.

Problema #807
Sim, é satisfatível.

Problema #808
Sim, é satisfatível.

Problema #809
Sim, é satisfatível.

Problema #810
Não está na FNC.

Problema #811
Não está na FNC.

Problema #812
Nem todas as cláusulas são de Horn.

Problema #813
Não, não é satisfatível.

Problema #814
Sim, é satisfatível.

Problema #815
Não, não é satisfatível.

Problema #816
Não, não é satisfatível.

Problema #817
Não está na FNC.

Problema #818
Nem todas as cláusulas são de Horn.

Problema #819
Sim, é satisfatível.

Problema #820
Não, não é satisfatível.

Problema #821
Não está na FNC.

Problema #822
Não está na FNC.

Problema #823
Não, não é satisfatível.

Problema #824
Não está na FNC.

Problema #825
Não está na FNC.

Problema #826
Não está na FNC.

Problema #827
Não está na FNC.

Problema #828
Não está na FNC.

Problema #829
Não está na FNC.

Problema #830
Não está na FNC.

Problema #831
Não está na FNC.

Problema #832
Não está na FNC.

Problema #833
Não está na FNC.

Problema #834
Não está na FNC.

Problema #835
Nem todas as cláusulas são de Horn.

Problema #836
Nem todas as cláusulas são de Horn.

Problema #837
Sim, é satisfatível.

Problema #838
Não está na FNC.

Problema #839
Não, não é satisfatível.

Problema #840
Não está na FNC.

Problema #841
Sim, é satisfatível.

Problema #842
Não está na FNC.

Problema #843
Não, não é satisfatível.

Problema #844
Sim, é satisfatível.

Problema #845
Não está na FNC.

Problema #846
Nem todas as cláusulas são de Horn.

Problema #847
Não está na FNC.

Problema #848
Não, não é satisfatível.

Problema #849
Não, não é satisfatível.

Problema #850
Nem todas as cláusulas são de Horn.

Problema #851
Não está na FNC.

Problema #852
Nem todas as cláusulas são de Horn.

Problema #853
Não está na FNC.

Problema #854
Não está na FNC.

Problema #855
Não está na FNC.

Problema #856
Nem todas as cláusulas são de Horn.

Problema #857
Não está na FNC.

Problema #858
Não está na FNC.

Problema #859
Não, não é satisfatível.

Problema #860
Sim, é satisfatível.

Problema #861
Sim, é satisfatível.

Problema #862
Não está na FNC.

Problema #863
Nem todas as cláusulas são de Horn.

Problema #864
Sim, é satisfatível.

Problema #865
Sim, é satisfatível.

Problema #866
Sim, é satisfatível.

Problema #867
Não está na FNC.

Problema #868
Não está na FNC.

Problema #869
Não está na FNC.

Problema #870
Não, não é satisfatível.

Problema #871
Nem todas as cláusulas são de Horn.

Problema #872
Nem todas as cláusulas são de Horn.

Problema #873
Não está na FNC.

Problema #874
Nem todas as cláusulas são de Horn.

Problema #875
Não está na FNC.

Problema #876
Não está na FNC.

Problema #877
Sim, é satisfatível.

Problema #878
Não está na FNC.

Problema #879
Não está na FNC.

Problema #880
Não está na FNC.

Problema #881
Sim, é satisfatível.

Problema #882
Não está na FNC.

Problema #883
Sim, é satisfatível.

Problema #884
Não está na FNC.

Problema #885
Sim, é satisfatível.

Problema #886
Sim, é satisfatível.

Problema #887
Não, não é satisfatível.

Problema #888
Não está na FNC.

Problema #889
Nem todas as cláusulas são de Horn.

Problema #890
Não está na FNC.

Problema #891
Não está na FNC.

Problema #892
Sim, é satisfatível.

Problema #893
Sim, é satisfatível.

Problema #894
Não está na FNC.

Problema #895
Não está na FNC.

Problema #896
Sim, é satisfatível.

Problema #897
Não está na FNC.

Problema #898
Não está na FNC.

Problema #899
Sim, é satisfatível.

Problema #900
Sim, é satisfatível.

Problema #901
Não está na FNC.

Problema #902
Sim, é satisfatível.

Problema #903
Nem todas as cláusulas são de Horn.

Problema #904
Não está na FNC.

Problema #905
Não está na FNC.

Problema #906
Não está na FNC.

Problema #907
Não está na FNC.

Problema #908
Sim, é satisfatível.

Problema #909
Não está na FNC.

Problema #910
Não está na FNC.

Problema #911
Não está na FNC.

Problema #912
Não está na FNC.

Problema #913
Não está na FNC.

Problema #914
Não está na FNC.

Problema #915
Nem todas as cláusulas são de Horn.

Problema #916
Não está na FNC.

Problema #917
Não está na FNC.

Problema #918
Não está na FNC.

Problema #919
Não está na FNC.

Problema #920
Nem todas as cláusulas são de Horn.

Problema #921
Sim, é satisfatível.

Problema #922
Sim, é satisfatível.

Problema #923
Não está na FNC.

Problema #924
Sim, é satisfatível.

Problema #925
Nem todas as cláusulas são de Horn.

Problema #926
Não está na FNC.

Problema #927
Sim, é satisfatível.

Problema #928
Não está na FNC.

Problema #929
Sim, é satisfatível.

Problema #930
Sim, é satisfatível.

Problema #931
Nem todas as cláusulas são de Horn.

Problema #932
Nem todas as cláusulas são de Horn.

Problema #933
Não está na FNC.

Problema #934
Nem todas as cláusulas são de Horn.

Problema #935
Sim, é satisfatível.

Problema #936
Não está na FNC.

Problema #937
Não está na FNC.

Problema #938
Não está na FNC.

Problema #939
Não está na FNC.

Problema #940
Não está na FNC.

Problema #941
Não, não é satisfatível.

Problema #942
Sim, é satisfatível.

Problema #943
Não está na FNC.

Problema #944
Não está na FNC.

Problema #945
Não, não é satisfatível.

Problema #946
Não está na FNC.

Problema #947
Não está na FNC.

Problema #948
Sim, é satisfatível.

Problema #949
Sim, é satisfatível.

Problema #950
Não está na FNC.

Problema #951
Não está na FNC.

Problema #952
Não está na FNC.

Problema #953
Não está na FNC.

Problema #954
Não está na FNC.

Problema #955
Sim, é satisfatível.

Problema #956
Não está na FNC.

Problema #957
Sim, é satisfatível.

Problema #958
Sim, é satisfatível.

Problema #959
Sim, é satisfatível.

Problema #960
Não está na FNC.

Problema #961
Não está na FNC.

Problema #962
Sim, é satisfatível.

Problema #963
Sim, é satisfatível.

Problema #964
Sim, é satisfatível.

Problema #965
Sim, é satisfatível.

Problema #966
Não, não é satisfatível.

Problema #967
Sim, é satisfatível.

Problema #968
Nem todas as cláusulas são de Horn.

Problema #969
Nem todas as cláusulas são de Horn.

Problema #970
Não está na FNC.

Problema #971
Nem todas as cláusulas são de Horn.

Problema #972
Não, não é satisfatível.

Problema #973
Sim, é satisfatível.

Problema #974
Sim, é satisfatível.

Problema #975
Nem todas as cláusulas são de Horn.

Problema #976
Não, não é satisfatível.

Problema #977
Não está na FNC.

Problema #978
Não está na FNC.

Problema #979
Não está na FNC.

Problema #980
Não está na FNC.

Problema #981
Não está na FNC.

Problema #982
Não está na FNC.

Problema #983
Não está na FNC.

Problema #984
Não está na FNC.

Problema #985
Não, não é satisfatível.

Problema #986
Não está na FNC.

Problema #987
Não está na FNC.

Problema #988
Não está na FNC.

Problema #989
Não está na FNC.

Problema #990
Não, não é satisfatível.

Problema #991
Nem todas as cláusulas são de Horn.

Problema #992
Não está na FNC.

Problema #993
Sim, é satisfatível.

Problema #994
Não está na FNC.

Problema #995
Não está na FNC.

Problema #996
Nem todas as cláusulas são de Horn.

Problema #997
Não está na FNC.

Problema #998
Não está na FNC.

Problema #999
Sim, é satisfatível.

Problema #1000
Sim, é satisfatível.

