Problema #1
Não está na FNC.

Problema #2
Nem todas as cláusulas são de Horn.

Problema #3
Não está na FNC.

Problema #4
Nem todas as cláusulas são de Horn.

Problema #5
Nem todas as cláusulas são de Horn.

Problema #6
Não está na FNC.

Problema #7
Nem todas as cláusulas são de Horn.

Problema #8
Não está na FNC.

Problema #9
Não está na FNC.

Problema #10
Não está na FNC.

Problema #11
Nem todas as cláusulas são de Horn.

Problema #12
Nem todas as cláusulas são de Horn.

Problema #13
Não está na FNC.

Problema #14
Nem todas as cláusulas são de Horn.

Problema #15
Nem todas as cláusulas são de Horn.

Problema #16
Nem todas as cláusulas são de Horn.

Problema #17
Não está na FNC.

Problema #18
Não está na FNC.

Problema #19
Nem todas as cláusulas são de Horn.

Problema #20
Não está na FNC.

Problema #21
Não está na FNC.

Problema #22
Nem todas as cláusulas são de Horn.

Problema #23
Não está na FNC.

Problema #24
Nem todas as cláusulas são de Horn.

Problema #25
Não está na FNC.

Problema #26
Não está na FNC.

Problema #27
Nem todas as cláusulas são de Horn.

Problema #28
Nem todas as cláusulas são de Horn.

Problema #29
Não está na FNC.

Problema #30
Não está na FNC.

Problema #31
Não está na FNC.

Problema #32
Nem todas as cláusulas são de Horn.

Problema #33
Nem todas as cláusulas são de Horn.

Problema #34
Nem todas as cláusulas são de Horn.

Problema #35
Não está na FNC.

Problema #36
Não está na FNC.

Problema #37
Não está na FNC.

Problema #38
Não está na FNC.

Problema #39
Nem todas as cláusulas são de Horn.

Problema #40
Nem todas as cláusulas são de Horn.

Problema #41
Nem todas as cláusulas são de Horn.

Problema #42
Não está na FNC.

Problema #43
Nem todas as cláusulas são de Horn.

Problema #44
Nem todas as cláusulas são de Horn.

Problema #45
Nem todas as cláusulas são de Horn.

Problema #46
Nem todas as cláusulas são de Horn.

Problema #47
Nem todas as cláusulas são de Horn.

Problema #48
Não está na FNC.

Problema #49
Não está na FNC.

Problema #50
Sim, é satisfatível.

Problema #51
Não está na FNC.

Problema #52
Nem todas as cláusulas são de Horn.

Problema #53
Não está na FNC.

Problema #54
Nem todas as cláusulas são de Horn.

Problema #55
Não está na FNC.

Problema #56
Nem todas as cláusulas são de Horn.

Problema #57
Nem todas as cláusulas são de Horn.

Problema #58
Nem todas as cláusulas são de Horn.

Problema #59
Não está na FNC.

Problema #60
Nem todas as cláusulas são de Horn.

Problema #61
Não está na FNC.

Problema #62
Nem todas as cláusulas são de Horn.

Problema #63
Nem todas as cláusulas são de Horn.

Problema #64
Não está na FNC.

Problema #65
Não está na FNC.

Problema #66
Nem todas as cláusulas são de Horn.

Problema #67
Não está na FNC.

Problema #68
Nem todas as cláusulas são de Horn.

Problema #69
Nem todas as cláusulas são de Horn.

Problema #70
Nem todas as cláusulas são de Horn.

Problema #71
Não está na FNC.

Problema #72
Nem todas as cláusulas são de Horn.

Problema #73
Nem todas as cláusulas são de Horn.

Problema #74
Não está na FNC.

Problema #75
Nem todas as cláusulas são de Horn.

Problema #76
Nem todas as cláusulas são de Horn.

Problema #77
Nem todas as cláusulas são de Horn.

Problema #78
Nem todas as cláusulas são de Horn.

Problema #79
Não está na FNC.

Problema #80
Não está na FNC.

Problema #81
Não está na FNC.

Problema #82
Nem todas as cláusulas são de Horn.

Problema #83
Nem todas as cláusulas são de Horn.

Problema #84
Nem todas as cláusulas são de Horn.

Problema #85
Nem todas as cláusulas são de Horn.

Problema #86
Nem todas as cláusulas são de Horn.

Problema #87
Não está na FNC.

Problema #88
Não está na FNC.

Problema #89
Nem todas as cláusulas são de Horn.

Problema #90
Não está na FNC.

Problema #91
Nem todas as cláusulas são de Horn.

Problema #92
Não está na FNC.

Problema #93
Nem todas as cláusulas são de Horn.

Problema #94
Não está na FNC.

Problema #95
Não está na FNC.

Problema #96
Nem todas as cláusulas são de Horn.

Problema #97
Nem todas as cláusulas são de Horn.

Problema #98
Nem todas as cláusulas são de Horn.

Problema #99
Nem todas as cláusulas são de Horn.

Problema #100
Nem todas as cláusulas são de Horn.

Problema #101
Nem todas as cláusulas são de Horn.

Problema #102
Nem todas as cláusulas são de Horn.

Problema #103
Nem todas as cláusulas são de Horn.

Problema #104
Nem todas as cláusulas são de Horn.

Problema #105
Nem todas as cláusulas são de Horn.

Problema #106
Não está na FNC.

Problema #107
Nem todas as cláusulas são de Horn.

Problema #108
Nem todas as cláusulas são de Horn.

Problema #109
Nem todas as cláusulas são de Horn.

Problema #110
Não está na FNC.

Problema #111
Não está na FNC.

Problema #112
Nem todas as cláusulas são de Horn.

Problema #113
Nem todas as cláusulas são de Horn.

Problema #114
Nem todas as cláusulas são de Horn.

Problema #115
Nem todas as cláusulas são de Horn.

Problema #116
Não está na FNC.

Problema #117
Nem todas as cláusulas são de Horn.

Problema #118
Não está na FNC.

Problema #119
Nem todas as cláusulas são de Horn.

Problema #120
Nem todas as cláusulas são de Horn.

Problema #121
Nem todas as cláusulas são de Horn.

Problema #122
Nem todas as cláusulas são de Horn.

Problema #123
Nem todas as cláusulas são de Horn.

Problema #124
Não está na FNC.

Problema #125
Nem todas as cláusulas são de Horn.

Problema #126
Nem todas as cláusulas são de Horn.

Problema #127
Nem todas as cláusulas são de Horn.

Problema #128
Nem todas as cláusulas são de Horn.

Problema #129
Nem todas as cláusulas são de Horn.

Problema #130
Nem todas as cláusulas são de Horn.

Problema #131
Nem todas as cláusulas são de Horn.

Problema #132
Não está na FNC.

Problema #133
Nem todas as cláusulas são de Horn.

Problema #134
Nem todas as cláusulas são de Horn.

Problema #135
Não está na FNC.

Problema #136
Nem todas as cláusulas são de Horn.

Problema #137
Nem todas as cláusulas são de Horn.

Problema #138
Não está na FNC.

Problema #139
Nem todas as cláusulas são de Horn.

Problema #140
Não está na FNC.

Problema #141
Nem todas as cláusulas são de Horn.

Problema #142
Nem todas as cláusulas são de Horn.

Problema #143
Não está na FNC.

Problema #144
Nem todas as cláusulas são de Horn.

Problema #145
Nem todas as cláusulas são de Horn.

Problema #146
Não está na FNC.

Problema #147
Não está na FNC.

Problema #148
Não está na FNC.

Problema #149
Não está na FNC.

Problema #150
Nem todas as cláusulas são de Horn.

Problema #151
Nem todas as cláusulas são de Horn.

Problema #152
Nem todas as cláusulas são de Horn.

Problema #153
Não está na FNC.

Problema #154
Nem todas as cláusulas são de Horn.

Problema #155
Não está na FNC.

Problema #156
Nem todas as cláusulas são de Horn.

Problema #157
Nem todas as cláusulas são de Horn.

Problema #158
Nem todas as cláusulas são de Horn.

Problema #159
Não está na FNC.

Problema #160
Não está na FNC.

Problema #161
Nem todas as cláusulas são de Horn.

Problema #162
Não está na FNC.

Problema #163
Não está na FNC.

Problema #164
Não está na FNC.

Problema #165
Não está na FNC.

Problema #166
Nem todas as cláusulas são de Horn.

Problema #167
Nem todas as cláusulas são de Horn.

Problema #168
Nem todas as cláusulas são de Horn.

Problema #169
Nem todas as cláusulas são de Horn.

Problema #170
Nem todas as cláusulas são de Horn.

Problema #171
Não está na FNC.

Problema #172
Nem todas as cláusulas são de Horn.

Problema #173
Nem todas as cláusulas são de Horn.

Problema #174
Nem todas as cláusulas são de Horn.

Problema #175
Nem todas as cláusulas são de Horn.

Problema #176
Nem todas as cláusulas são de Horn.

Problema #177
Não está na FNC.

Problema #178
Nem todas as cláusulas são de Horn.

Problema #179
Não está na FNC.

Problema #180
Nem todas as cláusulas são de Horn.

Problema #181
Não está na FNC.

Problema #182
Nem todas as cláusulas são de Horn.

Problema #183
Nem todas as cláusulas são de Horn.

Problema #184
Não está na FNC.

Problema #185
Não está na FNC.

Problema #186
Nem todas as cláusulas são de Horn.

Problema #187
Nem todas as cláusulas são de Horn.

Problema #188
Não está na FNC.

Problema #189
Nem todas as cláusulas são de Horn.

Problema #190
Nem todas as cláusulas são de Horn.

Problema #191
Nem todas as cláusulas são de Horn.

Problema #192
Nem todas as cláusulas são de Horn.

Problema #193
Não está na FNC.

Problema #194
Nem todas as cláusulas são de Horn.

Problema #195
Nem todas as cláusulas são de Horn.

Problema #196
Não está na FNC.

Problema #197
Nem todas as cláusulas são de Horn.

Problema #198
Nem todas as cláusulas são de Horn.

Problema #199
Não está na FNC.

Problema #200
Nem todas as cláusulas são de Horn.

Problema #201
Não está na FNC.

Problema #202
Não está na FNC.

Problema #203
Sim, é satisfatível.

Problema #204
Nem todas as cláusulas são de Horn.

Problema #205
Não está na FNC.

Problema #206
Nem todas as cláusulas são de Horn.

Problema #207
Nem todas as cláusulas são de Horn.

Problema #208
Nem todas as cláusulas são de Horn.

Problema #209
Não está na FNC.

Problema #210
Não está na FNC.

Problema #211
Nem todas as cláusulas são de Horn.

Problema #212
Nem todas as cláusulas são de Horn.

Problema #213
Nem todas as cláusulas são de Horn.

Problema #214
Nem todas as cláusulas são de Horn.

Problema #215
Nem todas as cláusulas são de Horn.

Problema #216
Não está na FNC.

Problema #217
Não está na FNC.

Problema #218
Nem todas as cláusulas são de Horn.

Problema #219
Nem todas as cláusulas são de Horn.

Problema #220
Não está na FNC.

Problema #221
Não está na FNC.

Problema #222
Não está na FNC.

Problema #223
Nem todas as cláusulas são de Horn.

Problema #224
Não está na FNC.

Problema #225
Nem todas as cláusulas são de Horn.

Problema #226
Nem todas as cláusulas são de Horn.

Problema #227
Não está na FNC.

Problema #228
Não está na FNC.

Problema #229
Nem todas as cláusulas são de Horn.

Problema #230
Não está na FNC.

Problema #231
Não está na FNC.

Problema #232
Nem todas as cláusulas são de Horn.

Problema #233
Nem todas as cláusulas são de Horn.

Problema #234
Não está na FNC.

Problema #235
Não está na FNC.

Problema #236
Nem todas as cláusulas são de Horn.

Problema #237
Nem todas as cláusulas são de Horn.

Problema #238
Não está na FNC.

Problema #239
Não está na FNC.

Problema #240
Não está na FNC.

Problema #241
Não está na FNC.

Problema #242
Nem todas as cláusulas são de Horn.

Problema #243
Não está na FNC.

Problema #244
Não está na FNC.

Problema #245
Não está na FNC.

Problema #246
Não está na FNC.

Problema #247
Nem todas as cláusulas são de Horn.

Problema #248
Nem todas as cláusulas são de Horn.

Problema #249
Não está na FNC.

Problema #250
Não está na FNC.

Problema #251
Nem todas as cláusulas são de Horn.

Problema #252
Não está na FNC.

Problema #253
Nem todas as cláusulas são de Horn.

Problema #254
Nem todas as cláusulas são de Horn.

Problema #255
Nem todas as cláusulas são de Horn.

Problema #256
Nem todas as cláusulas são de Horn.

Problema #257
Não está na FNC.

Problema #258
Nem todas as cláusulas são de Horn.

Problema #259
Nem todas as cláusulas são de Horn.

Problema #260
Nem todas as cláusulas são de Horn.

Problema #261
Nem todas as cláusulas são de Horn.

Problema #262
Não está na FNC.

Problema #263
Não está na FNC.

Problema #264
Não está na FNC.

Problema #265
Nem todas as cláusulas são de Horn.

Problema #266
Não está na FNC.

Problema #267
Nem todas as cláusulas são de Horn.

Problema #268
Nem todas as cláusulas são de Horn.

Problema #269
Nem todas as cláusulas são de Horn.

Problema #270
Não está na FNC.

Problema #271
Não está na FNC.

Problema #272
Nem todas as cláusulas são de Horn.

Problema #273
Não está na FNC.

Problema #274
Nem todas as cláusulas são de Horn.

Problema #275
Nem todas as cláusulas são de Horn.

Problema #276
Não está na FNC.

Problema #277
Não está na FNC.

Problema #278
Não está na FNC.

Problema #279
Nem todas as cláusulas são de Horn.

Problema #280
Não está na FNC.

Problema #281
Nem todas as cláusulas são de Horn.

Problema #282
Não está na FNC.

Problema #283
Não está na FNC.

Problema #284
Não está na FNC.

Problema #285
Não está na FNC.

Problema #286
Não está na FNC.

Problema #287
Nem todas as cláusulas são de Horn.

Problema #288
Não está na FNC.

Problema #289
Nem todas as cláusulas são de Horn.

Problema #290
Nem todas as cláusulas são de Horn.

Problema #291
Não está na FNC.

Problema #292
Nem todas as cláusulas são de Horn.

Problema #293
Nem todas as cláusulas são de Horn.

Problema #294
Nem todas as cláusulas são de Horn.

Problema #295
Nem todas as cláusulas são de Horn.

Problema #296
Nem todas as cláusulas são de Horn.

Problema #297
Não está na FNC.

Problema #298
Nem todas as cláusulas são de Horn.

Problema #299
Não está na FNC.

Problema #300
Nem todas as cláusulas são de Horn.

Problema #301
Não está na FNC.

Problema #302
Não está na FNC.

Problema #303
Nem todas as cláusulas são de Horn.

Problema #304
Nem todas as cláusulas são de Horn.

Problema #305
Nem todas as cláusulas são de Horn.

Problema #306
Não está na FNC.

Problema #307
Nem todas as cláusulas são de Horn.

Problema #308
Nem todas as cláusulas são de Horn.

Problema #309
Nem todas as cláusulas são de Horn.

Problema #310
Não está na FNC.

Problema #311
Nem todas as cláusulas são de Horn.

Problema #312
Nem todas as cláusulas são de Horn.

Problema #313
Não está na FNC.

Problema #314
Nem todas as cláusulas são de Horn.

Problema #315
Não está na FNC.

Problema #316
Nem todas as cláusulas são de Horn.

Problema #317
Não está na FNC.

Problema #318
Nem todas as cláusulas são de Horn.

Problema #319
Não está na FNC.

Problema #320
Não está na FNC.

Problema #321
Não está na FNC.

Problema #322
Não está na FNC.

Problema #323
Nem todas as cláusulas são de Horn.

Problema #324
Nem todas as cláusulas são de Horn.

Problema #325
Nem todas as cláusulas são de Horn.

Problema #326
Não está na FNC.

Problema #327
Nem todas as cláusulas são de Horn.

Problema #328
Não está na FNC.

Problema #329
Não está na FNC.

Problema #330
Nem todas as cláusulas são de Horn.

Problema #331
Não está na FNC.

Problema #332
Não está na FNC.

Problema #333
Nem todas as cláusulas são de Horn.

Problema #334
Não está na FNC.

Problema #335
Nem todas as cláusulas são de Horn.

Problema #336
Não está na FNC.

Problema #337
Nem todas as cláusulas são de Horn.

Problema #338
Nem todas as cláusulas são de Horn.

Problema #339
Não está na FNC.

Problema #340
Nem todas as cláusulas são de Horn.

Problema #341
Nem todas as cláusulas são de Horn.

Problema #342
Nem todas as cláusulas são de Horn.

Problema #343
Não está na FNC.

Problema #344
Sim, é satisfatível.

Problema #345
Não está na FNC.

Problema #346
Nem todas as cláusulas são de Horn.

Problema #347
Não está na FNC.

Problema #348
Nem todas as cláusulas são de Horn.

Problema #349
Nem todas as cláusulas são de Horn.

Problema #350
Não está na FNC.

Problema #351
Nem todas as cláusulas são de Horn.

Problema #352
Não está na FNC.

Problema #353
Não está na FNC.

Problema #354
Nem todas as cláusulas são de Horn.

Problema #355
Nem todas as cláusulas são de Horn.

Problema #356
Não está na FNC.

Problema #357
Não está na FNC.

Problema #358
Não está na FNC.

Problema #359
Nem todas as cláusulas são de Horn.

Problema #360
Não está na FNC.

Problema #361
Nem todas as cláusulas são de Horn.

Problema #362
Nem todas as cláusulas são de Horn.

Problema #363
Nem todas as cláusulas são de Horn.

Problema #364
Nem todas as cláusulas são de Horn.

Problema #365
Não está na FNC.

Problema #366
Nem todas as cláusulas são de Horn.

Problema #367
Nem todas as cláusulas são de Horn.

Problema #368
Nem todas as cláusulas são de Horn.

Problema #369
Nem todas as cláusulas são de Horn.

Problema #370
Não está na FNC.

Problema #371
Nem todas as cláusulas são de Horn.

Problema #372
Nem todas as cláusulas são de Horn.

Problema #373
Não está na FNC.

Problema #374
Nem todas as cláusulas são de Horn.

Problema #375
Nem todas as cláusulas são de Horn.

Problema #376
Não está na FNC.

Problema #377
Nem todas as cláusulas são de Horn.

Problema #378
Nem todas as cláusulas são de Horn.

Problema #379
Nem todas as cláusulas são de Horn.

Problema #380
Nem todas as cláusulas são de Horn.

Problema #381
Não está na FNC.

Problema #382
Não está na FNC.

Problema #383
Nem todas as cláusulas são de Horn.

Problema #384
Não está na FNC.

Problema #385
Não está na FNC.

Problema #386
Nem todas as cláusulas são de Horn.

Problema #387
Nem todas as cláusulas são de Horn.

Problema #388
Nem todas as cláusulas são de Horn.

Problema #389
Nem todas as cláusulas são de Horn.

Problema #390
Nem todas as cláusulas são de Horn.

Problema #391
Não está na FNC.

Problema #392
Nem todas as cláusulas são de Horn.

Problema #393
Não está na FNC.

Problema #394
Não está na FNC.

Problema #395
Nem todas as cláusulas são de Horn.

Problema #396
Nem todas as cláusulas são de Horn.

Problema #397
Sim, é satisfatível.

Problema #398
Não está na FNC.

Problema #399
Não está na FNC.

Problema #400
Não está na FNC.

Problema #401
Não está na FNC.

Problema #402
Não está na FNC.

Problema #403
Não está na FNC.

Problema #404
Nem todas as cláusulas são de Horn.

Problema #405
Nem todas as cláusulas são de Horn.

Problema #406
Não está na FNC.

Problema #407
Não está na FNC.

Problema #408
Não está na FNC.

Problema #409
Não está na FNC.

Problema #410
Não está na FNC.

Problema #411
Nem todas as cláusulas são de Horn.

Problema #412
Não está na FNC.

Problema #413
Nem todas as cláusulas são de Horn.

Problema #414
Não está na FNC.

Problema #415
Não está na FNC.

Problema #416
Nem todas as cláusulas são de Horn.

Problema #417
Nem todas as cláusulas são de Horn.

Problema #418
Não está na FNC.

Problema #419
Nem todas as cláusulas são de Horn.

Problema #420
Nem todas as cláusulas são de Horn.

Problema #421
Nem todas as cláusulas são de Horn.

Problema #422
Não está na FNC.

Problema #423
Nem todas as cláusulas são de Horn.

Problema #424
Não está na FNC.

Problema #425
Não está na FNC.

Problema #426
Nem todas as cláusulas são de Horn.

Problema #427
Não está na FNC.

Problema #428
Não está na FNC.

Problema #429
Não está na FNC.

Problema #430
Nem todas as cláusulas são de Horn.

Problema #431
Não está na FNC.

Problema #432
Nem todas as cláusulas são de Horn.

Problema #433
Não está na FNC.

Problema #434
Nem todas as cláusulas são de Horn.

Problema #435
Nem todas as cláusulas são de Horn.

Problema #436
Nem todas as cláusulas são de Horn.

Problema #437
Não está na FNC.

Problema #438
Não está na FNC.

Problema #439
Não está na FNC.

Problema #440
Não está na FNC.

Problema #441
Não está na FNC.

Problema #442
Não está na FNC.

Problema #443
Não está na FNC.

Problema #444
Nem todas as cláusulas são de Horn.

Problema #445
Não está na FNC.

Problema #446
Nem todas as cláusulas são de Horn.

Problema #447
Não está na FNC.

Problema #448
Não está na FNC.

Problema #449
Não está na FNC.

Problema #450
Não está na FNC.

Problema #451
Nem todas as cláusulas são de Horn.

Problema #452
Nem todas as cláusulas são de Horn.

Problema #453
Não está na FNC.

Problema #454
Não está na FNC.

Problema #455
Nem todas as cláusulas são de Horn.

Problema #456
Não está na FNC.

Problema #457
Não está na FNC.

Problema #458
Não está na FNC.

Problema #459
Não está na FNC.

Problema #460
Não está na FNC.

Problema #461
Nem todas as cláusulas são de Horn.

Problema #462
Nem todas as cláusulas são de Horn.

Problema #463
Não está na FNC.

Problema #464
Não está na FNC.

Problema #465
Nem todas as cláusulas são de Horn.

Problema #466
Não está na FNC.

Problema #467
Nem todas as cláusulas são de Horn.

Problema #468
Nem todas as cláusulas são de Horn.

Problema #469
Não está na FNC.

Problema #470
Não está na FNC.

Problema #471
Não está na FNC.

Problema #472
Nem todas as cláusulas são de Horn.

Problema #473
Nem todas as cláusulas são de Horn.

Problema #474
Não está na FNC.

Problema #475
Nem todas as cláusulas são de Horn.

Problema #476
Nem todas as cláusulas são de Horn.

Problema #477
Nem todas as cláusulas são de Horn.

Problema #478
Nem todas as cláusulas são de Horn.

Problema #479
Não está na FNC.

Problema #480
Nem todas as cláusulas são de Horn.

Problema #481
Não está na FNC.

Problema #482
Nem todas as cláusulas são de Horn.

Problema #483
Nem todas as cláusulas são de Horn.

Problema #484
Não está na FNC.

Problema #485
Nem todas as cláusulas são de Horn.

Problema #486
Nem todas as cláusulas são de Horn.

Problema #487
Nem todas as cláusulas são de Horn.

Problema #488
Nem todas as cláusulas são de Horn.

Problema #489
Não está na FNC.

Problema #490
Não está na FNC.

Problema #491
Nem todas as cláusulas são de Horn.

Problema #492
Nem todas as cláusulas são de Horn.

Problema #493
Nem todas as cláusulas são de Horn.

Problema #494
Não está na FNC.

Problema #495
Nem todas as cláusulas são de Horn.

Problema #496
Não está na FNC.

Problema #497
Não está na FNC.

Problema #498
Não está na FNC.

Problema #499
Não está na FNC.

Problema #500
Nem todas as cláusulas são de Horn.

Problema #501
Não está na FNC.

Problema #502
Não está na FNC.

Problema #503
Nem todas as cláusulas são de Horn.

Problema #504
Não está na FNC.

Problema #505
Nem todas as cláusulas são de Horn.

Problema #506
Nem todas as cláusulas são de Horn.

Problema #507
Nem todas as cláusulas são de Horn.

Problema #508
Não está na FNC.

Problema #509
Nem todas as cláusulas são de Horn.

Problema #510
Não está na FNC.

Problema #511
Nem todas as cláusulas são de Horn.

Problema #512
Nem todas as cláusulas são de Horn.

Problema #513
Nem todas as cláusulas são de Horn.

Problema #514
Não está na FNC.

Problema #515
Nem todas as cláusulas são de Horn.

Problema #516
Nem todas as cláusulas são de Horn.

Problema #517
Nem todas as cláusulas são de Horn.

Problema #518
Nem todas as cláusulas são de Horn.

Problema #519
Nem todas as cláusulas são de Horn.

Problema #520
Nem todas as cláusulas são de Horn.

Problema #521
Não está na FNC.

Problema #522
Não está na FNC.

Problema #523
Não está na FNC.

Problema #524
Não está na FNC.

Problema #525
Não está na FNC.

Problema #526
Não está na FNC.

Problema #527
Nem todas as cláusulas são de Horn.

Problema #528
Não está na FNC.

Problema #529
Nem todas as cláusulas são de Horn.

Problema #530
Não está na FNC.

Problema #531
Não está na FNC.

Problema #532
Nem todas as cláusulas são de Horn.

Problema #533
Não está na FNC.

Problema #534
Nem todas as cláusulas são de Horn.

Problema #535
Nem todas as cláusulas são de Horn.

Problema #536
Não está na FNC.

Problema #537
Não está na FNC.

Problema #538
Não está na FNC.

Problema #539
Nem todas as cláusulas são de Horn.

Problema #540
Não está na FNC.

Problema #541
Nem todas as cláusulas são de Horn.

Problema #542
Nem todas as cláusulas são de Horn.

Problema #543
Nem todas as cláusulas são de Horn.

Problema #544
Não está na FNC.

Problema #545
Nem todas as cláusulas são de Horn.

Problema #546
Não está na FNC.

Problema #547
Não está na FNC.

Problema #548
Nem todas as cláusulas são de Horn.

Problema #549
Nem todas as cláusulas são de Horn.

Problema #550
Nem todas as cláusulas são de Horn.

Problema #551
Não está na FNC.

Problema #552
Nem todas as cláusulas são de Horn.

Problema #553
Não está na FNC.

Problema #554
Não está na FNC.

Problema #555
Nem todas as cláusulas são de Horn.

Problema #556
Nem todas as cláusulas são de Horn.

Problema #557
Nem todas as cláusulas são de Horn.

Problema #558
Nem todas as cláusulas são de Horn.

Problema #559
Não está na FNC.

Problema #560
Não está na FNC.

Problema #561
Não está na FNC.

Problema #562
Não está na FNC.

Problema #563
Não está na FNC.

Problema #564
Não está na FNC.

Problema #565
Não está na FNC.

Problema #566
Nem todas as cláusulas são de Horn.

Problema #567
Não está na FNC.

Problema #568
Nem todas as cláusulas são de Horn.

Problema #569
Nem todas as cláusulas são de Horn.

Problema #570
Não está na FNC.

Problema #571
Nem todas as cláusulas são de Horn.

Problema #572
Nem todas as cláusulas são de Horn.

Problema #573
Nem todas as cláusulas são de Horn.

Problema #574
Não está na FNC.

Problema #575
Nem todas as cláusulas são de Horn.

Problema #576
Nem todas as cláusulas são de Horn.

Problema #577
Não está na FNC.

Problema #578
Nem todas as cláusulas são de Horn.

Problema #579
Nem todas as cláusulas são de Horn.

Problema #580
Não está na FNC.

Problema #581
Não está na FNC.

Problema #582
Sim, é satisfatível.

Problema #583
Nem todas as cláusulas são de Horn.

Problema #584
Não está na FNC.

Problema #585
Nem todas as cláusulas são de Horn.

Problema #586
Não está na FNC.

Problema #587
Nem todas as cláusulas são de Horn.

Problema #588
Nem todas as cláusulas são de Horn.

Problema #589
Nem todas as cláusulas são de Horn.

Problema #590
Nem todas as cláusulas são de Horn.

Problema #591
Nem todas as cláusulas são de Horn.

Problema #592
Nem todas as cláusulas são de Horn.

Problema #593
Não está na FNC.

Problema #594
Não está na FNC.

Problema #595
Não está na FNC.

Problema #596
Nem todas as cláusulas são de Horn.

Problema #597
Não está na FNC.

Problema #598
Nem todas as cláusulas são de Horn.

Problema #599
Nem todas as cláusulas são de Horn.

Problema #600
Nem todas as cláusulas são de Horn.

Problema #601
Nem todas as cláusulas são de Horn.

Problema #602
Sim, é satisfatível.

Problema #603
Não está na FNC.

Problema #604
Nem todas as cláusulas são de Horn.

Problema #605
Não está na FNC.

Problema #606
Nem todas as cláusulas são de Horn.

Problema #607
Não está na FNC.

Problema #608
Não está na FNC.

Problema #609
Nem todas as cláusulas são de Horn.

Problema #610
Nem todas as cláusulas são de Horn.

Problema #611
Não está na FNC.

Problema #612
Nem todas as cláusulas são de Horn.

Problema #613
Não está na FNC.

Problema #614
Nem todas as cláusulas são de Horn.

Problema #615
Nem todas as cláusulas são de Horn.

Problema #616
Não está na FNC.

Problema #617
Nem todas as cláusulas são de Horn.

Problema #618
Nem todas as cláusulas são de Horn.

Problema #619
Não está na FNC.

Problema #620
Não está na FNC.

Problema #621
Não está na FNC.

Problema #622
Nem todas as cláusulas são de Horn.

Problema #623
Não está na FNC.

Problema #624
Não está na FNC.

Problema #625
Não está na FNC.

Problema #626
Não está na FNC.

Problema #627
Nem todas as cláusulas são de Horn.

Problema #628
Não está na FNC.

Problema #629
Nem todas as cláusulas são de Horn.

Problema #630
Não está na FNC.

Problema #631
Nem todas as cláusulas são de Horn.

Problema #632
Não está na FNC.

Problema #633
Não está na FNC.

Problema #634
Não está na FNC.

Problema #635
Não está na FNC.

Problema #636
Nem todas as cláusulas são de Horn.

Problema #637
Nem todas as cláusulas são de Horn.

Problema #638
Nem todas as cláusulas são de Horn.

Problema #639
Nem todas as cláusulas são de Horn.

Problema #640
Nem todas as cláusulas são de Horn.

Problema #641
Nem todas as cláusulas são de Horn.

Problema #642
Nem todas as cláusulas são de Horn.

Problema #643
Não está na FNC.

Problema #644
Não está na FNC.

Problema #645
Não está na FNC.

Problema #646
Não está na FNC.

Problema #647
Nem todas as cláusulas são de Horn.

Problema #648
Não está na FNC.

Problema #649
Nem todas as cláusulas são de Horn.

Problema #650
Nem todas as cláusulas são de Horn.

Problema #651
Não está na FNC.

Problema #652
Não está na FNC.

Problema #653
Não está na FNC.

Problema #654
Nem todas as cláusulas são de Horn.

Problema #655
Nem todas as cláusulas são de Horn.

Problema #656
Não está na FNC.

Problema #657
Nem todas as cláusulas são de Horn.

Problema #658
Não está na FNC.

Problema #659
Nem todas as cláusulas são de Horn.

Problema #660
Não está na FNC.

Problema #661
Não está na FNC.

Problema #662
Não está na FNC.

Problema #663
Não está na FNC.

Problema #664
Não está na FNC.

Problema #665
Nem todas as cláusulas são de Horn.

Problema #666
Não está na FNC.

Problema #667
Não está na FNC.

Problema #668
Nem todas as cláusulas são de Horn.

Problema #669
Não está na FNC.

Problema #670
Não está na FNC.

Problema #671
Nem todas as cláusulas são de Horn.

Problema #672
Nem todas as cláusulas são de Horn.

Problema #673
Não está na FNC.

Problema #674
Não está na FNC.

Problema #675
Nem todas as cláusulas são de Horn.

Problema #676
Nem todas as cláusulas são de Horn.

Problema #677
Nem todas as cláusulas são de Horn.

Problema #678
Nem todas as cláusulas são de Horn.

Problema #679
Nem todas as cláusulas são de Horn.

Problema #680
Não está na FNC.

Problema #681
Não está na FNC.

Problema #682
Nem todas as cláusulas são de Horn.

Problema #683
Nem todas as cláusulas são de Horn.

Problema #684
Nem todas as cláusulas são de Horn.

Problema #685
Não está na FNC.

Problema #686
Não está na FNC.

Problema #687
Nem todas as cláusulas são de Horn.

Problema #688
Não está na FNC.

Problema #689
Nem todas as cláusulas são de Horn.

Problema #690
Não está na FNC.

Problema #691
Não está na FNC.

Problema #692
Não está na FNC.

Problema #693
Nem todas as cláusulas são de Horn.

Problema #694
Não está na FNC.

Problema #695
Não está na FNC.

Problema #696
Não está na FNC.

Problema #697
Não está na FNC.

Problema #698
Nem todas as cláusulas são de Horn.

Problema #699
Nem todas as cláusulas são de Horn.

Problema #700
Não está na FNC.

Problema #701
Não está na FNC.

Problema #702
Não está na FNC.

Problema #703
Não está na FNC.

Problema #704
Não está na FNC.

Problema #705
Não está na FNC.

Problema #706
Nem todas as cláusulas são de Horn.

Problema #707
Nem todas as cláusulas são de Horn.

Problema #708
Nem todas as cláusulas são de Horn.

Problema #709
Nem todas as cláusulas são de Horn.

Problema #710
Não está na FNC.

Problema #711
Não está na FNC.

Problema #712
Não está na FNC.

Problema #713
Não está na FNC.

Problema #714
Não está na FNC.

Problema #715
Nem todas as cláusulas são de Horn.

Problema #716
Nem todas as cláusulas são de Horn.

Problema #717
Nem todas as cláusulas são de Horn.

Problema #718
Não está na FNC.

Problema #719
Não está na FNC.

Problema #720
Não está na FNC.

Problema #721
Não está na FNC.

Problema #722
Não está na FNC.

Problema #723
Nem todas as cláusulas são de Horn.

Problema #724
Nem todas as cláusulas são de Horn.

Problema #725
Nem todas as cláusulas são de Horn.

Problema #726
Nem todas as cláusulas são de Horn.

Problema #727
Nem todas as cláusulas são de Horn.

Problema #728
Não está na FNC.

Problema #729
Nem todas as cláusulas são de Horn.

Problema #730
Nem todas as cláusulas são de Horn.

Problema #731
Nem todas as cláusulas são de Horn.

Problema #732
Não está na FNC.

Problema #733
Não está na FNC.

Problema #734
Não está na FNC.

Problema #735
Não está na FNC.

Problema #736
Nem todas as cláusulas são de Horn.

Problema #737
Nem todas as cláusulas são de Horn.

Problema #738
Nem todas as cláusulas são de Horn.

Problema #739
Não está na FNC.

Problema #740
Nem todas as cláusulas são de Horn.

Problema #741
Nem todas as cláusulas são de Horn.

Problema #742
Não está na FNC.

Problema #743
Nem todas as cláusulas são de Horn.

Problema #744
Não está na FNC.

Problema #745
Nem todas as cláusulas são de Horn.

Problema #746
Nem todas as cláusulas são de Horn.

Problema #747
Não está na FNC.

Problema #748
Nem todas as cláusulas são de Horn.

Problema #749
Não está na FNC.

Problema #750
Não está na FNC.

Problema #751
Nem todas as cláusulas são de Horn.

Problema #752
Nem todas as cláusulas são de Horn.

Problema #753
Não está na FNC.

Problema #754
Não está na FNC.

Problema #755
Não está na FNC.

Problema #756
Nem todas as cláusulas são de Horn.

Problema #757
Nem todas as cláusulas são de Horn.

Problema #758
Não está na FNC.

Problema #759
Nem todas as cláusulas são de Horn.

Problema #760
Sim, é satisfatível.

Problema #761
Nem todas as cláusulas são de Horn.

Problema #762
Nem todas as cláusulas são de Horn.

Problema #763
Nem todas as cláusulas são de Horn.

Problema #764
Não está na FNC.

Problema #765
Nem todas as cláusulas são de Horn.

Problema #766
Nem todas as cláusulas são de Horn.

Problema #767
Não está na FNC.

Problema #768
Nem todas as cláusulas são de Horn.

Problema #769
Não está na FNC.

Problema #770
Nem todas as cláusulas são de Horn.

Problema #771
Nem todas as cláusulas são de Horn.

Problema #772
Nem todas as cláusulas são de Horn.

Problema #773
Nem todas as cláusulas são de Horn.

Problema #774
Não está na FNC.

Problema #775
Nem todas as cláusulas são de Horn.

Problema #776
Não está na FNC.

Problema #777
Nem todas as cláusulas são de Horn.

Problema #778
Nem todas as cláusulas são de Horn.

Problema #779
Nem todas as cláusulas são de Horn.

Problema #780
Nem todas as cláusulas são de Horn.

Problema #781
Não está na FNC.

Problema #782
Não está na FNC.

Problema #783
Nem todas as cláusulas são de Horn.

Problema #784
Não está na FNC.

Problema #785
Não está na FNC.

Problema #786
Nem todas as cláusulas são de Horn.

Problema #787
Nem todas as cláusulas são de Horn.

Problema #788
Nem todas as cláusulas são de Horn.

Problema #789
Não está na FNC.

Problema #790
Nem todas as cláusulas são de Horn.

Problema #791
Não está na FNC.

Problema #792
Não está na FNC.

Problema #793
Não está na FNC.

Problema #794
Nem todas as cláusulas são de Horn.

Problema #795
Não está na FNC.

Problema #796
Não está na FNC.

Problema #797
Nem todas as cláusulas são de Horn.

Problema #798
Nem todas as cláusulas são de Horn.

Problema #799
Nem todas as cláusulas são de Horn.

Problema #800
Nem todas as cláusulas são de Horn.

Problema #801
Nem todas as cláusulas são de Horn.

Problema #802
Nem todas as cláusulas são de Horn.

Problema #803
Não está na FNC.

Problema #804
Não está na FNC.

Problema #805
Nem todas as cláusulas são de Horn.

Problema #806
Nem todas as cláusulas são de Horn.

Problema #807
Nem todas as cláusulas são de Horn.

Problema #808
Nem todas as cláusulas são de Horn.

Problema #809
Nem todas as cláusulas são de Horn.

Problema #810
Nem todas as cláusulas são de Horn.

Problema #811
Nem todas as cláusulas são de Horn.

Problema #812
Nem todas as cláusulas são de Horn.

Problema #813
Nem todas as cláusulas são de Horn.

Problema #814
Nem todas as cláusulas são de Horn.

Problema #815
Sim, é satisfatível.

Problema #816
Não está na FNC.

Problema #817
Nem todas as cláusulas são de Horn.

Problema #818
Não está na FNC.

Problema #819
Nem todas as cláusulas são de Horn.

Problema #820
Nem todas as cláusulas são de Horn.

Problema #821
Não está na FNC.

Problema #822
Nem todas as cláusulas são de Horn.

Problema #823
Nem todas as cláusulas são de Horn.

Problema #824
Nem todas as cláusulas são de Horn.

Problema #825
Nem todas as cláusulas são de Horn.

Problema #826
Não está na FNC.

Problema #827
Não está na FNC.

Problema #828
Nem todas as cláusulas são de Horn.

Problema #829
Nem todas as cláusulas são de Horn.

Problema #830
Nem todas as cláusulas são de Horn.

Problema #831
Não está na FNC.

Problema #832
Nem todas as cláusulas são de Horn.

Problema #833
Nem todas as cláusulas são de Horn.

Problema #834
Nem todas as cláusulas são de Horn.

Problema #835
Nem todas as cláusulas são de Horn.

Problema #836
Não está na FNC.

Problema #837
Não está na FNC.

Problema #838
Não está na FNC.

Problema #839
Nem todas as cláusulas são de Horn.

Problema #840
Não está na FNC.

Problema #841
Não está na FNC.

Problema #842
Não está na FNC.

Problema #843
Nem todas as cláusulas são de Horn.

Problema #844
Não está na FNC.

Problema #845
Não está na FNC.

Problema #846
Não está na FNC.

Problema #847
Não está na FNC.

Problema #848
Não está na FNC.

Problema #849
Nem todas as cláusulas são de Horn.

Problema #850
Nem todas as cláusulas são de Horn.

Problema #851
Não está na FNC.

Problema #852
Nem todas as cláusulas são de Horn.

Problema #853
Nem todas as cláusulas são de Horn.

Problema #854
Não está na FNC.

Problema #855
Não está na FNC.

Problema #856
Nem todas as cláusulas são de Horn.

Problema #857
Nem todas as cláusulas são de Horn.

Problema #858
Nem todas as cláusulas são de Horn.

Problema #859
Não está na FNC.

Problema #860
Nem todas as cláusulas são de Horn.

Problema #861
Nem todas as cláusulas são de Horn.

Problema #862
Não está na FNC.

Problema #863
Não está na FNC.

Problema #864
Nem todas as cláusulas são de Horn.

Problema #865
Nem todas as cláusulas são de Horn.

Problema #866
Nem todas as cláusulas são de Horn.

Problema #867
Não está na FNC.

Problema #868
Nem todas as cláusulas são de Horn.

Problema #869
Não está na FNC.

Problema #870
Nem todas as cláusulas são de Horn.

Problema #871
Nem todas as cláusulas são de Horn.

Problema #872
Não está na FNC.

Problema #873
Nem todas as cláusulas são de Horn.

Problema #874
Não está na FNC.

Problema #875
Não está na FNC.

Problema #876
Nem todas as cláusulas são de Horn.

Problema #877
Não está na FNC.

Problema #878
Não está na FNC.

Problema #879
Nem todas as cláusulas são de Horn.

Problema #880
Não está na FNC.

Problema #881
Nem todas as cláusulas são de Horn.

Problema #882
Nem todas as cláusulas são de Horn.

Problema #883
Nem todas as cláusulas são de Horn.

Problema #884
Não está na FNC.

Problema #885
Não está na FNC.

Problema #886
Não está na FNC.

Problema #887
Nem todas as cláusulas são de Horn.

Problema #888
Não está na FNC.

Problema #889
Nem todas as cláusulas são de Horn.

Problema #890
Não está na FNC.

Problema #891
Nem todas as cláusulas são de Horn.

Problema #892
Nem todas as cláusulas são de Horn.

Problema #893
Nem todas as cláusulas são de Horn.

Problema #894
Nem todas as cláusulas são de Horn.

Problema #895
Nem todas as cláusulas são de Horn.

Problema #896
Não está na FNC.

Problema #897
Não está na FNC.

Problema #898
Não está na FNC.

Problema #899
Não está na FNC.

Problema #900
Nem todas as cláusulas são de Horn.

Problema #901
Nem todas as cláusulas são de Horn.

Problema #902
Não está na FNC.

Problema #903
Não está na FNC.

Problema #904
Não está na FNC.

Problema #905
Nem todas as cláusulas são de Horn.

Problema #906
Nem todas as cláusulas são de Horn.

Problema #907
Nem todas as cláusulas são de Horn.

Problema #908
Não está na FNC.

Problema #909
Nem todas as cláusulas são de Horn.

Problema #910
Nem todas as cláusulas são de Horn.

Problema #911
Nem todas as cláusulas são de Horn.

Problema #912
Não está na FNC.

Problema #913
Nem todas as cláusulas são de Horn.

Problema #914
Nem todas as cláusulas são de Horn.

Problema #915
Nem todas as cláusulas são de Horn.

Problema #916
Não está na FNC.

Problema #917
Nem todas as cláusulas são de Horn.

Problema #918
Não está na FNC.

Problema #919
Nem todas as cláusulas são de Horn.

Problema #920
Nem todas as cláusulas são de Horn.

Problema #921
Nem todas as cláusulas são de Horn.

Problema #922
Nem todas as cláusulas são de Horn.

Problema #923
Nem todas as cláusulas são de Horn.

Problema #924
Não está na FNC.

Problema #925
Nem todas as cláusulas são de Horn.

Problema #926
Nem todas as cláusulas são de Horn.

Problema #927
Nem todas as cláusulas são de Horn.

Problema #928
Nem todas as cláusulas são de Horn.

Problema #929
Nem todas as cláusulas são de Horn.

Problema #930
Nem todas as cláusulas são de Horn.

Problema #931
Não está na FNC.

Problema #932
Não está na FNC.

Problema #933
Nem todas as cláusulas são de Horn.

Problema #934
Não está na FNC.

Problema #935
Não está na FNC.

Problema #936
Não está na FNC.

Problema #937
Não está na FNC.

Problema #938
Nem todas as cláusulas são de Horn.

Problema #939
Nem todas as cláusulas são de Horn.

Problema #940
Nem todas as cláusulas são de Horn.

Problema #941
Nem todas as cláusulas são de Horn.

Problema #942
Não está na FNC.

Problema #943
Não está na FNC.

Problema #944
Não está na FNC.

Problema #945
Nem todas as cláusulas são de Horn.

Problema #946
Nem todas as cláusulas são de Horn.

Problema #947
Não está na FNC.

Problema #948
Não está na FNC.

Problema #949
Nem todas as cláusulas são de Horn.

Problema #950
Nem todas as cláusulas são de Horn.

Problema #951
Nem todas as cláusulas são de Horn.

Problema #952
Nem todas as cláusulas são de Horn.

Problema #953
Nem todas as cláusulas são de Horn.

Problema #954
Nem todas as cláusulas são de Horn.

Problema #955
Não está na FNC.

Problema #956
Não está na FNC.

Problema #957
Nem todas as cláusulas são de Horn.

Problema #958
Nem todas as cláusulas são de Horn.

Problema #959
Não está na FNC.

Problema #960
Nem todas as cláusulas são de Horn.

Problema #961
Não está na FNC.

Problema #962
Não está na FNC.

Problema #963
Não está na FNC.

Problema #964
Nem todas as cláusulas são de Horn.

Problema #965
Nem todas as cláusulas são de Horn.

Problema #966
Não está na FNC.

Problema #967
Nem todas as cláusulas são de Horn.

Problema #968
Nem todas as cláusulas são de Horn.

Problema #969
Nem todas as cláusulas são de Horn.

Problema #970
Nem todas as cláusulas são de Horn.

Problema #971
Nem todas as cláusulas são de Horn.

Problema #972
Nem todas as cláusulas são de Horn.

Problema #973
Nem todas as cláusulas são de Horn.

Problema #974
Nem todas as cláusulas são de Horn.

Problema #975
Nem todas as cláusulas são de Horn.

Problema #976
Não está na FNC.

Problema #977
Nem todas as cláusulas são de Horn.

Problema #978
Nem todas as cláusulas são de Horn.

Problema #979
Não está na FNC.

Problema #980
Não está na FNC.

Problema #981
Nem todas as cláusulas são de Horn.

Problema #982
Nem todas as cláusulas são de Horn.

Problema #983
Nem todas as cláusulas são de Horn.

Problema #984
Não está na FNC.

Problema #985
Sim, é satisfatível.

Problema #986
Não está na FNC.

Problema #987
Nem todas as cláusulas são de Horn.

Problema #988
Não está na FNC.

Problema #989
Não está na FNC.

Problema #990
Não está na FNC.

Problema #991
Não está na FNC.

Problema #992
Nem todas as cláusulas são de Horn.

Problema #993
Nem todas as cláusulas são de Horn.

Problema #994
Nem todas as cláusulas são de Horn.

Problema #995
Nem todas as cláusulas são de Horn.

Problema #996
Nem todas as cláusulas são de Horn.

Problema #997
Nem todas as cláusulas são de Horn.

Problema #998
Não está na FNC.

Problema #999
Não está na FNC.

Problema #1000
Nem todas as cláusulas são de Horn.

